<?xml version="1.0" encoding="UTF-8" ?>
<testsuite tests="3" failures="1" name="com.tngtech.configbuilder.ConfigBuilderIntegrationTest" time="0.521" errors="0" skipped="0">
  <properties>
[...]
</properties>
  <testcase classname="com.tngtech.configbuilder.ConfigBuilderIntegrationTest" name="testWithImportedConfig[0]" time="0.381">
    <failure message="
Expected: TestConfig&lt;someNumber=5, shouldBeZero=0, someString=&quot;Hello, World!&quot;, aBoolean=true, stringCollection=[&quot;collection&quot;, &quot;two&quot;], pathCollection=[UnixPath&lt;, fs=MacOSXFileSystem&lt;...&gt;, path=[47, 104, 111, 109, 101], stringValue=null, hash=46613902, offsets=null&gt;, UnixPath&lt;, fs=MacOSXFileSystem&lt;...&gt;, path=[47, 109, 110, 116], stringValue=null, hash=1508452, offsets=null&gt;], copiedStringCollection=[&quot;/mnt&quot;, &quot;/home&quot;], integerList=[1, 2, 3, 4, 5], testConfigList=null, homeDir=UnixPath&lt;, fs=MacOSXFileSystem&lt;provider=MacOSXFileSystemProvider&lt;...&gt;, defaultDirectory=[47, 85, 115, 101, 114, 115, 47, 97, 110, 100, 105, 47, 112, 114, 111, ...], needToResolveAgainstDefaultDirectory=false, rootDirectory=UnixPath&lt;...&gt;provider=MacOSXFileSystemProvider&lt;...&gt;, defaultDirectory=[47, 85, 115, 101, 114, 115, 47, 97, 110, 100, 105, 47, 112, 114, 111, ...], needToResolveAgainstDefaultDirectory=false, rootDirectory=UnixPath&lt;...&gt;&gt;, path=[47, 85, 115, 101, 114, 115, 47, 97, 110, 100, 105], stringValue=null, hash=0, offsets=null&gt;, systemProperty=&quot;de&quot;&gt;
  Actual: TestConfig&lt;someNumber=5, shouldBeZero=0, someString=&quot;Hello, World!&quot;, aBoolean=true, stringCollection=[&quot;collection&quot;, &quot;two&quot;], pathCollection=[UnixPath&lt;, fs=MacOSXFileSystem&lt;...&gt;, path=[47, 109, 110, 116], stringValue=null, hash=1508452, offsets=null&gt;, UnixPath&lt;, fs=MacOSXFileSystem&lt;...&gt;, path=[47, 104, 111, 109, 101], stringValue=null, hash=46613902, offsets=null&gt;], copiedStringCollection=[&quot;/mnt&quot;, &quot;/home&quot;], integerList=[1, 2, 3, 4, 5], testConfigList=null, homeDir=UnixPath&lt;, fs=MacOSXFileSystem&lt;provider=MacOSXFileSystemProvider&lt;...&gt;, defaultDirectory=[47, 85, 115, 101, 114, 115, 47, 97, 110, 100, 105, 47, 112, 114, 111, ...], needToResolveAgainstDefaultDirectory=false, rootDirectory=UnixPath&lt;...&gt;provider=MacOSXFileSystemProvider&lt;...&gt;, defaultDirectory=[47, 85, 115, 101, 114, 115, 47, 97, 110, 100, 105, 47, 112, 114, 111, ...], needToResolveAgainstDefaultDirectory=false, rootDirectory=UnixPath&lt;...&gt;&gt;, path=[47, 85, 115, 101, 114, 115, 47, 97, 110, 100, 105], stringValue=null, hash=0, offsets=null&gt;, systemProperty=&quot;de&quot;&gt;

--- Found following differences ---
pathCollection[0].path[1]: expected: 104, actual: 109
pathCollection[0].path[2]: expected: 111, actual: 110
pathCollection[0].path[3]: expected: 109, actual: 116
pathCollection[0].path[4]: expected: 101, actual: --no match--
pathCollection[0].hash: expected: 46613902, actual: 1508452
pathCollection[1].path[1]: expected: 109, actual: 104
pathCollection[1].path[2]: expected: 110, actual: 111
pathCollection[1].path[3]: expected: 116, actual: 109
pathCollection[1].path[4]: expected: --no match--, actual: 101
pathCollection[1].hash: expected: 1508452, actual: 46613902

--- Difference detail tree ---
 expected: TestConfig&lt;someNumber=5, shouldBeZero=0, someString=&quot;Hello, World!&quot;, aBoolean=true, stringCollection=[&quot;collection&quot;, &quot;two&quot;], pathCollection=[UnixPath&lt;, fs=MacOSXFileSystem&lt;...&gt;, path=[47, 104, 111, 109, 101], stringValue=null, hash=46613902, offsets=null&gt;, UnixPath&lt;, fs=MacOSXFileSystem&lt;...&gt;, path=[47, 109, 110, 116], stringValue=null, hash=1508452, offsets=null&gt;], copiedStringCollection=[&quot;/mnt&quot;, &quot;/home&quot;], integerList=[1, 2, 3, 4, 5], testConfigList=null, homeDir=UnixPath&lt;, fs=MacOSXFileSystem&lt;provider=MacOSXFileSystemProvider&lt;...&gt;, defaultDirectory=[47, 85, 115, 101, 114, 115, 47, 97, 110, 100, 105, 47, 112, 114, 111, ...], needToResolveAgainstDefaultDirectory=false, rootDirectory=UnixPath&lt;...&gt;provider=MacOSXFileSystemProvider&lt;...&gt;, defaultDirectory=[47, 85, 115, 101, 114, 115, 47, 97, 110, 100, 105, 47, 112, 114, 111, ...], needToResolveAgainstDefaultDirectory=false, rootDirectory=UnixPath&lt;...&gt;&gt;, path=[47, 85, 115, 101, 114, 115, 47, 97, 110, 100, 105], stringValue=null, hash=0, offsets=null&gt;, systemProperty=&quot;de&quot;&gt;
   actual: TestConfig&lt;someNumber=5, shouldBeZero=0, someString=&quot;Hello, World!&quot;, aBoolean=true, stringCollection=[&quot;collection&quot;, &quot;two&quot;], pathCollection=[UnixPath&lt;, fs=MacOSXFileSystem&lt;...&gt;, path=[47, 109, 110, 116], stringValue=null, hash=1508452, offsets=null&gt;, UnixPath&lt;, fs=MacOSXFileSystem&lt;...&gt;, path=[47, 104, 111, 109, 101], stringValue=null, hash=46613902, offsets=null&gt;], copiedStringCollection=[&quot;/mnt&quot;, &quot;/home&quot;], integerList=[1, 2, 3, 4, 5], testConfigList=null, homeDir=UnixPath&lt;, fs=MacOSXFileSystem&lt;provider=MacOSXFileSystemProvider&lt;...&gt;, defaultDirectory=[47, 85, 115, 101, 114, 115, 47, 97, 110, 100, 105, 47, 112, 114, 111, ...], needToResolveAgainstDefaultDirectory=false, rootDirectory=UnixPath&lt;...&gt;provider=MacOSXFileSystemProvider&lt;...&gt;, defaultDirectory=[47, 85, 115, 101, 114, 115, 47, 97, 110, 100, 105, 47, 112, 114, 111, ...], needToResolveAgainstDefaultDirectory=false, rootDirectory=UnixPath&lt;...&gt;&gt;, path=[47, 85, 115, 101, 114, 115, 47, 97, 110, 100, 105], stringValue=null, hash=0, offsets=null&gt;, systemProperty=&quot;de&quot;&gt;

pathCollection expected: [UnixPath&lt;, fs=MacOSXFileSystem&lt;provider=MacOSXFileSystemProvider&lt;...&gt;, defaultDirectory=[47, 85, 115, 101, 114, 115, 47, 97, 110, 100, 105, 47, 112, 114, 111, ...], needToResolveAgainstDefaultDirectory=false, rootDirectory=UnixPath&lt;...&gt;provider=MacOSXFileSystemProvider&lt;...&gt;, defaultDirectory=[47, 85, 115, 101, 114, 115, 47, 97, 110, 100, 105, 47, 112, 114, 111, ...], needToResolveAgainstDefaultDirectory=false, rootDirectory=UnixPath&lt;...&gt;&gt;, path=[47, 104, 111, 109, 101], stringValue=null, hash=46613902, offsets=null&gt;, UnixPath&lt;, fs=MacOSXFileSystem&lt;provider=MacOSXFileSystemProvider&lt;...&gt;, defaultDirectory=[47, 85, 115, 101, 114, 115, 47, 97, 110, 100, 105, 47, 112, 114, 111, ...], needToResolveAgainstDefaultDirectory=false, rootDirectory=UnixPath&lt;...&gt;provider=MacOSXFileSystemProvider&lt;...&gt;, defaultDirectory=[47, 85, 115, 101, 114, 115, 47, 97, 110, 100, 105, 47, 112, 114, 111, ...], needToResolveAgainstDefaultDirectory=false, rootDirectory=UnixPath&lt;...&gt;&gt;, path=[47, 109, 110, 116], stringValue=null, hash=1508452, offsets=null&gt;]
pathCollection   actual: [UnixPath&lt;, fs=MacOSXFileSystem&lt;provider=MacOSXFileSystemProvider&lt;...&gt;, defaultDirectory=[47, 85, 115, 101, 114, 115, 47, 97, 110, 100, 105, 47, 112, 114, 111, ...], needToResolveAgainstDefaultDirectory=false, rootDirectory=UnixPath&lt;...&gt;provider=MacOSXFileSystemProvider&lt;...&gt;, defaultDirectory=[47, 85, 115, 101, 114, 115, 47, 97, 110, 100, 105, 47, 112, 114, 111, ...], needToResolveAgainstDefaultDirectory=false, rootDirectory=UnixPath&lt;...&gt;&gt;, path=[47, 109, 110, 116], stringValue=null, hash=1508452, offsets=null&gt;, UnixPath&lt;, fs=MacOSXFileSystem&lt;provider=MacOSXFileSystemProvider&lt;...&gt;, defaultDirectory=[47, 85, 115, 101, 114, 115, 47, 97, 110, 100, 105, 47, 112, 114, 111, ...], needToResolveAgainstDefaultDirectory=false, rootDirectory=UnixPath&lt;...&gt;provider=MacOSXFileSystemProvider&lt;...&gt;, defaultDirectory=[47, 85, 115, 101, 114, 115, 47, 97, 110, 100, 105, 47, 112, 114, 111, ...], needToResolveAgainstDefaultDirectory=false, rootDirectory=UnixPath&lt;...&gt;&gt;, path=[47, 104, 111, 109, 101], stringValue=null, hash=46613902, offsets=null&gt;]

pathCollection[0] expected: UnixPath&lt;, fs=MacOSXFileSystem&lt;provider=MacOSXFileSystemProvider&lt;, theFileSystem=MacOSXFileSystem&lt;...&gt;, theFileSystem=MacOSXFileSystem&lt;...&gt;&gt;, defaultDirectory=[47, 85, 115, 101, 114, 115, 47, 97, 110, 100, 105, 47, 112, 114, 111, ...], needToResolveAgainstDefaultDirectory=false, rootDirectory=UnixPath&lt;, fs=MacOSXFileSystem&lt;...&gt;, path=[47], stringValue=null, hash=0, offsets=null&gt;provider=MacOSXFileSystemProvider&lt;, theFileSystem=MacOSXFileSystem&lt;...&gt;, theFileSystem=MacOSXFileSystem&lt;...&gt;&gt;, defaultDirectory=[47, 85, 115, 101, 114, 115, 47, 97, 110, 100, 105, 47, 112, 114, 111, ...], needToResolveAgainstDefaultDirectory=false, rootDirectory=UnixPath&lt;, fs=MacOSXFileSystem&lt;...&gt;, path=[47], stringValue=null, hash=0, offsets=null&gt;&gt;, path=[47, 104, 111, 109, 101], stringValue=null, hash=46613902, offsets=null&gt;
pathCollection[0]   actual: UnixPath&lt;, fs=MacOSXFileSystem&lt;provider=MacOSXFileSystemProvider&lt;, theFileSystem=MacOSXFileSystem&lt;...&gt;, theFileSystem=MacOSXFileSystem&lt;...&gt;&gt;, defaultDirectory=[47, 85, 115, 101, 114, 115, 47, 97, 110, 100, 105, 47, 112, 114, 111, ...], needToResolveAgainstDefaultDirectory=false, rootDirectory=UnixPath&lt;, fs=MacOSXFileSystem&lt;...&gt;, path=[47], stringValue=null, hash=0, offsets=null&gt;provider=MacOSXFileSystemProvider&lt;, theFileSystem=MacOSXFileSystem&lt;...&gt;, theFileSystem=MacOSXFileSystem&lt;...&gt;&gt;, defaultDirectory=[47, 85, 115, 101, 114, 115, 47, 97, 110, 100, 105, 47, 112, 114, 111, ...], needToResolveAgainstDefaultDirectory=false, rootDirectory=UnixPath&lt;, fs=MacOSXFileSystem&lt;...&gt;, path=[47], stringValue=null, hash=0, offsets=null&gt;&gt;, path=[47, 109, 110, 116], stringValue=null, hash=1508452, offsets=null&gt;

pathCollection[0].path expected: [47, 104, 111, 109, 101]
pathCollection[0].path   actual: [47, 109, 110, 116]

pathCollection[0].path[1] expected: 104
pathCollection[0].path[1]   actual: 109

pathCollection[0].path[2] expected: 111
pathCollection[0].path[2]   actual: 110

pathCollection[0].path[3] expected: 109
pathCollection[0].path[3]   actual: 116

pathCollection[0].path[4] expected: 101
pathCollection[0].path[4]   actual: &quot;&quot;

pathCollection[0].hash expected: 46613902
pathCollection[0].hash   actual: 1508452

pathCollection[1] expected: UnixPath&lt;, fs=MacOSXFileSystem&lt;provider=MacOSXFileSystemProvider&lt;, theFileSystem=MacOSXFileSystem&lt;...&gt;, theFileSystem=MacOSXFileSystem&lt;...&gt;&gt;, defaultDirectory=[47, 85, 115, 101, 114, 115, 47, 97, 110, 100, 105, 47, 112, 114, 111, ...], needToResolveAgainstDefaultDirectory=false, rootDirectory=UnixPath&lt;, fs=MacOSXFileSystem&lt;...&gt;, path=[47], stringValue=null, hash=0, offsets=null&gt;provider=MacOSXFileSystemProvider&lt;, theFileSystem=MacOSXFileSystem&lt;...&gt;, theFileSystem=MacOSXFileSystem&lt;...&gt;&gt;, defaultDirectory=[47, 85, 115, 101, 114, 115, 47, 97, 110, 100, 105, 47, 112, 114, 111, ...], needToResolveAgainstDefaultDirectory=false, rootDirectory=UnixPath&lt;, fs=MacOSXFileSystem&lt;...&gt;, path=[47], stringValue=null, hash=0, offsets=null&gt;&gt;, path=[47, 109, 110, 116], stringValue=null, hash=1508452, offsets=null&gt;
pathCollection[1]   actual: UnixPath&lt;, fs=MacOSXFileSystem&lt;provider=MacOSXFileSystemProvider&lt;, theFileSystem=MacOSXFileSystem&lt;...&gt;, theFileSystem=MacOSXFileSystem&lt;...&gt;&gt;, defaultDirectory=[47, 85, 115, 101, 114, 115, 47, 97, 110, 100, 105, 47, 112, 114, 111, ...], needToResolveAgainstDefaultDirectory=false, rootDirectory=UnixPath&lt;, fs=MacOSXFileSystem&lt;...&gt;, path=[47], stringValue=null, hash=0, offsets=null&gt;provider=MacOSXFileSystemProvider&lt;, theFileSystem=MacOSXFileSystem&lt;...&gt;, theFileSystem=MacOSXFileSystem&lt;...&gt;&gt;, defaultDirectory=[47, 85, 115, 101, 114, 115, 47, 97, 110, 100, 105, 47, 112, 114, 111, ...], needToResolveAgainstDefaultDirectory=false, rootDirectory=UnixPath&lt;, fs=MacOSXFileSystem&lt;...&gt;, path=[47], stringValue=null, hash=0, offsets=null&gt;&gt;, path=[47, 104, 111, 109, 101], stringValue=null, hash=46613902, offsets=null&gt;

pathCollection[1].path expected: [47, 109, 110, 116]
pathCollection[1].path   actual: [47, 104, 111, 109, 101]

pathCollection[1].path[1] expected: 109
pathCollection[1].path[1]   actual: 104

pathCollection[1].path[2] expected: 110
pathCollection[1].path[2]   actual: 111

pathCollection[1].path[3] expected: 116
pathCollection[1].path[3]   actual: 109

pathCollection[1].path[4] expected: &quot;&quot;
pathCollection[1].path[4]   actual: 101

pathCollection[1].hash expected: 1508452
pathCollection[1].hash   actual: 46613902

" type="junit.framework.AssertionFailedError">junit.framework.AssertionFailedError: 
Expected: TestConfig&lt;someNumber=5, shouldBeZero=0, someString=&quot;Hello, World!&quot;, aBoolean=true, stringCollection=[&quot;collection&quot;, &quot;two&quot;], pathCollection=[UnixPath&lt;, fs=MacOSXFileSystem&lt;...&gt;, path=[47, 104, 111, 109, 101], stringValue=null, hash=46613902, offsets=null&gt;, UnixPath&lt;, fs=MacOSXFileSystem&lt;...&gt;, path=[47, 109, 110, 116], stringValue=null, hash=1508452, offsets=null&gt;], copiedStringCollection=[&quot;/mnt&quot;, &quot;/home&quot;], integerList=[1, 2, 3, 4, 5], testConfigList=null, homeDir=UnixPath&lt;, fs=MacOSXFileSystem&lt;provider=MacOSXFileSystemProvider&lt;...&gt;, defaultDirectory=[47, 85, 115, 101, 114, 115, 47, 97, 110, 100, 105, 47, 112, 114, 111, ...], needToResolveAgainstDefaultDirectory=false, rootDirectory=UnixPath&lt;...&gt;provider=MacOSXFileSystemProvider&lt;...&gt;, defaultDirectory=[47, 85, 115, 101, 114, 115, 47, 97, 110, 100, 105, 47, 112, 114, 111, ...], needToResolveAgainstDefaultDirectory=false, rootDirectory=UnixPath&lt;...&gt;&gt;, path=[47, 85, 115, 101, 114, 115, 47, 97, 110, 100, 105], stringValue=null, hash=0, offsets=null&gt;, systemProperty=&quot;de&quot;&gt;
  Actual: TestConfig&lt;someNumber=5, shouldBeZero=0, someString=&quot;Hello, World!&quot;, aBoolean=true, stringCollection=[&quot;collection&quot;, &quot;two&quot;], pathCollection=[UnixPath&lt;, fs=MacOSXFileSystem&lt;...&gt;, path=[47, 109, 110, 116], stringValue=null, hash=1508452, offsets=null&gt;, UnixPath&lt;, fs=MacOSXFileSystem&lt;...&gt;, path=[47, 104, 111, 109, 101], stringValue=null, hash=46613902, offsets=null&gt;], copiedStringCollection=[&quot;/mnt&quot;, &quot;/home&quot;], integerList=[1, 2, 3, 4, 5], testConfigList=null, homeDir=UnixPath&lt;, fs=MacOSXFileSystem&lt;provider=MacOSXFileSystemProvider&lt;...&gt;, defaultDirectory=[47, 85, 115, 101, 114, 115, 47, 97, 110, 100, 105, 47, 112, 114, 111, ...], needToResolveAgainstDefaultDirectory=false, rootDirectory=UnixPath&lt;...&gt;provider=MacOSXFileSystemProvider&lt;...&gt;, defaultDirectory=[47, 85, 115, 101, 114, 115, 47, 97, 110, 100, 105, 47, 112, 114, 111, ...], needToResolveAgainstDefaultDirectory=false, rootDirectory=UnixPath&lt;...&gt;&gt;, path=[47, 85, 115, 101, 114, 115, 47, 97, 110, 100, 105], stringValue=null, hash=0, offsets=null&gt;, systemProperty=&quot;de&quot;&gt;

--- Found following differences ---
pathCollection[0].path[1]: expected: 104, actual: 109
pathCollection[0].path[2]: expected: 111, actual: 110
pathCollection[0].path[3]: expected: 109, actual: 116
pathCollection[0].path[4]: expected: 101, actual: --no match--
pathCollection[0].hash: expected: 46613902, actual: 1508452
pathCollection[1].path[1]: expected: 109, actual: 104
pathCollection[1].path[2]: expected: 110, actual: 111
pathCollection[1].path[3]: expected: 116, actual: 109
pathCollection[1].path[4]: expected: --no match--, actual: 101
pathCollection[1].hash: expected: 1508452, actual: 46613902

--- Difference detail tree ---
 expected: TestConfig&lt;someNumber=5, shouldBeZero=0, someString=&quot;Hello, World!&quot;, aBoolean=true, stringCollection=[&quot;collection&quot;, &quot;two&quot;], pathCollection=[UnixPath&lt;, fs=MacOSXFileSystem&lt;...&gt;, path=[47, 104, 111, 109, 101], stringValue=null, hash=46613902, offsets=null&gt;, UnixPath&lt;, fs=MacOSXFileSystem&lt;...&gt;, path=[47, 109, 110, 116], stringValue=null, hash=1508452, offsets=null&gt;], copiedStringCollection=[&quot;/mnt&quot;, &quot;/home&quot;], integerList=[1, 2, 3, 4, 5], testConfigList=null, homeDir=UnixPath&lt;, fs=MacOSXFileSystem&lt;provider=MacOSXFileSystemProvider&lt;...&gt;, defaultDirectory=[47, 85, 115, 101, 114, 115, 47, 97, 110, 100, 105, 47, 112, 114, 111, ...], needToResolveAgainstDefaultDirectory=false, rootDirectory=UnixPath&lt;...&gt;provider=MacOSXFileSystemProvider&lt;...&gt;, defaultDirectory=[47, 85, 115, 101, 114, 115, 47, 97, 110, 100, 105, 47, 112, 114, 111, ...], needToResolveAgainstDefaultDirectory=false, rootDirectory=UnixPath&lt;...&gt;&gt;, path=[47, 85, 115, 101, 114, 115, 47, 97, 110, 100, 105], stringValue=null, hash=0, offsets=null&gt;, systemProperty=&quot;de&quot;&gt;
   actual: TestConfig&lt;someNumber=5, shouldBeZero=0, someString=&quot;Hello, World!&quot;, aBoolean=true, stringCollection=[&quot;collection&quot;, &quot;two&quot;], pathCollection=[UnixPath&lt;, fs=MacOSXFileSystem&lt;...&gt;, path=[47, 109, 110, 116], stringValue=null, hash=1508452, offsets=null&gt;, UnixPath&lt;, fs=MacOSXFileSystem&lt;...&gt;, path=[47, 104, 111, 109, 101], stringValue=null, hash=46613902, offsets=null&gt;], copiedStringCollection=[&quot;/mnt&quot;, &quot;/home&quot;], integerList=[1, 2, 3, 4, 5], testConfigList=null, homeDir=UnixPath&lt;, fs=MacOSXFileSystem&lt;provider=MacOSXFileSystemProvider&lt;...&gt;, defaultDirectory=[47, 85, 115, 101, 114, 115, 47, 97, 110, 100, 105, 47, 112, 114, 111, ...], needToResolveAgainstDefaultDirectory=false, rootDirectory=UnixPath&lt;...&gt;provider=MacOSXFileSystemProvider&lt;...&gt;, defaultDirectory=[47, 85, 115, 101, 114, 115, 47, 97, 110, 100, 105, 47, 112, 114, 111, ...], needToResolveAgainstDefaultDirectory=false, rootDirectory=UnixPath&lt;...&gt;&gt;, path=[47, 85, 115, 101, 114, 115, 47, 97, 110, 100, 105], stringValue=null, hash=0, offsets=null&gt;, systemProperty=&quot;de&quot;&gt;

pathCollection expected: [UnixPath&lt;, fs=MacOSXFileSystem&lt;provider=MacOSXFileSystemProvider&lt;...&gt;, defaultDirectory=[47, 85, 115, 101, 114, 115, 47, 97, 110, 100, 105, 47, 112, 114, 111, ...], needToResolveAgainstDefaultDirectory=false, rootDirectory=UnixPath&lt;...&gt;provider=MacOSXFileSystemProvider&lt;...&gt;, defaultDirectory=[47, 85, 115, 101, 114, 115, 47, 97, 110, 100, 105, 47, 112, 114, 111, ...], needToResolveAgainstDefaultDirectory=false, rootDirectory=UnixPath&lt;...&gt;&gt;, path=[47, 104, 111, 109, 101], stringValue=null, hash=46613902, offsets=null&gt;, UnixPath&lt;, fs=MacOSXFileSystem&lt;provider=MacOSXFileSystemProvider&lt;...&gt;, defaultDirectory=[47, 85, 115, 101, 114, 115, 47, 97, 110, 100, 105, 47, 112, 114, 111, ...], needToResolveAgainstDefaultDirectory=false, rootDirectory=UnixPath&lt;...&gt;provider=MacOSXFileSystemProvider&lt;...&gt;, defaultDirectory=[47, 85, 115, 101, 114, 115, 47, 97, 110, 100, 105, 47, 112, 114, 111, ...], needToResolveAgainstDefaultDirectory=false, rootDirectory=UnixPath&lt;...&gt;&gt;, path=[47, 109, 110, 116], stringValue=null, hash=1508452, offsets=null&gt;]
pathCollection   actual: [UnixPath&lt;, fs=MacOSXFileSystem&lt;provider=MacOSXFileSystemProvider&lt;...&gt;, defaultDirectory=[47, 85, 115, 101, 114, 115, 47, 97, 110, 100, 105, 47, 112, 114, 111, ...], needToResolveAgainstDefaultDirectory=false, rootDirectory=UnixPath&lt;...&gt;provider=MacOSXFileSystemProvider&lt;...&gt;, defaultDirectory=[47, 85, 115, 101, 114, 115, 47, 97, 110, 100, 105, 47, 112, 114, 111, ...], needToResolveAgainstDefaultDirectory=false, rootDirectory=UnixPath&lt;...&gt;&gt;, path=[47, 109, 110, 116], stringValue=null, hash=1508452, offsets=null&gt;, UnixPath&lt;, fs=MacOSXFileSystem&lt;provider=MacOSXFileSystemProvider&lt;...&gt;, defaultDirectory=[47, 85, 115, 101, 114, 115, 47, 97, 110, 100, 105, 47, 112, 114, 111, ...], needToResolveAgainstDefaultDirectory=false, rootDirectory=UnixPath&lt;...&gt;provider=MacOSXFileSystemProvider&lt;...&gt;, defaultDirectory=[47, 85, 115, 101, 114, 115, 47, 97, 110, 100, 105, 47, 112, 114, 111, ...], needToResolveAgainstDefaultDirectory=false, rootDirectory=UnixPath&lt;...&gt;&gt;, path=[47, 104, 111, 109, 101], stringValue=null, hash=46613902, offsets=null&gt;]

pathCollection[0] expected: UnixPath&lt;, fs=MacOSXFileSystem&lt;provider=MacOSXFileSystemProvider&lt;, theFileSystem=MacOSXFileSystem&lt;...&gt;, theFileSystem=MacOSXFileSystem&lt;...&gt;&gt;, defaultDirectory=[47, 85, 115, 101, 114, 115, 47, 97, 110, 100, 105, 47, 112, 114, 111, ...], needToResolveAgainstDefaultDirectory=false, rootDirectory=UnixPath&lt;, fs=MacOSXFileSystem&lt;...&gt;, path=[47], stringValue=null, hash=0, offsets=null&gt;provider=MacOSXFileSystemProvider&lt;, theFileSystem=MacOSXFileSystem&lt;...&gt;, theFileSystem=MacOSXFileSystem&lt;...&gt;&gt;, defaultDirectory=[47, 85, 115, 101, 114, 115, 47, 97, 110, 100, 105, 47, 112, 114, 111, ...], needToResolveAgainstDefaultDirectory=false, rootDirectory=UnixPath&lt;, fs=MacOSXFileSystem&lt;...&gt;, path=[47], stringValue=null, hash=0, offsets=null&gt;&gt;, path=[47, 104, 111, 109, 101], stringValue=null, hash=46613902, offsets=null&gt;
pathCollection[0]   actual: UnixPath&lt;, fs=MacOSXFileSystem&lt;provider=MacOSXFileSystemProvider&lt;, theFileSystem=MacOSXFileSystem&lt;...&gt;, theFileSystem=MacOSXFileSystem&lt;...&gt;&gt;, defaultDirectory=[47, 85, 115, 101, 114, 115, 47, 97, 110, 100, 105, 47, 112, 114, 111, ...], needToResolveAgainstDefaultDirectory=false, rootDirectory=UnixPath&lt;, fs=MacOSXFileSystem&lt;...&gt;, path=[47], stringValue=null, hash=0, offsets=null&gt;provider=MacOSXFileSystemProvider&lt;, theFileSystem=MacOSXFileSystem&lt;...&gt;, theFileSystem=MacOSXFileSystem&lt;...&gt;&gt;, defaultDirectory=[47, 85, 115, 101, 114, 115, 47, 97, 110, 100, 105, 47, 112, 114, 111, ...], needToResolveAgainstDefaultDirectory=false, rootDirectory=UnixPath&lt;, fs=MacOSXFileSystem&lt;...&gt;, path=[47], stringValue=null, hash=0, offsets=null&gt;&gt;, path=[47, 109, 110, 116], stringValue=null, hash=1508452, offsets=null&gt;

pathCollection[0].path expected: [47, 104, 111, 109, 101]
pathCollection[0].path   actual: [47, 109, 110, 116]

pathCollection[0].path[1] expected: 104
pathCollection[0].path[1]   actual: 109

pathCollection[0].path[2] expected: 111
pathCollection[0].path[2]   actual: 110

pathCollection[0].path[3] expected: 109
pathCollection[0].path[3]   actual: 116

pathCollection[0].path[4] expected: 101
pathCollection[0].path[4]   actual: &quot;&quot;

pathCollection[0].hash expected: 46613902
pathCollection[0].hash   actual: 1508452

pathCollection[1] expected: UnixPath&lt;, fs=MacOSXFileSystem&lt;provider=MacOSXFileSystemProvider&lt;, theFileSystem=MacOSXFileSystem&lt;...&gt;, theFileSystem=MacOSXFileSystem&lt;...&gt;&gt;, defaultDirectory=[47, 85, 115, 101, 114, 115, 47, 97, 110, 100, 105, 47, 112, 114, 111, ...], needToResolveAgainstDefaultDirectory=false, rootDirectory=UnixPath&lt;, fs=MacOSXFileSystem&lt;...&gt;, path=[47], stringValue=null, hash=0, offsets=null&gt;provider=MacOSXFileSystemProvider&lt;, theFileSystem=MacOSXFileSystem&lt;...&gt;, theFileSystem=MacOSXFileSystem&lt;...&gt;&gt;, defaultDirectory=[47, 85, 115, 101, 114, 115, 47, 97, 110, 100, 105, 47, 112, 114, 111, ...], needToResolveAgainstDefaultDirectory=false, rootDirectory=UnixPath&lt;, fs=MacOSXFileSystem&lt;...&gt;, path=[47], stringValue=null, hash=0, offsets=null&gt;&gt;, path=[47, 109, 110, 116], stringValue=null, hash=1508452, offsets=null&gt;
pathCollection[1]   actual: UnixPath&lt;, fs=MacOSXFileSystem&lt;provider=MacOSXFileSystemProvider&lt;, theFileSystem=MacOSXFileSystem&lt;...&gt;, theFileSystem=MacOSXFileSystem&lt;...&gt;&gt;, defaultDirectory=[47, 85, 115, 101, 114, 115, 47, 97, 110, 100, 105, 47, 112, 114, 111, ...], needToResolveAgainstDefaultDirectory=false, rootDirectory=UnixPath&lt;, fs=MacOSXFileSystem&lt;...&gt;, path=[47], stringValue=null, hash=0, offsets=null&gt;provider=MacOSXFileSystemProvider&lt;, theFileSystem=MacOSXFileSystem&lt;...&gt;, theFileSystem=MacOSXFileSystem&lt;...&gt;&gt;, defaultDirectory=[47, 85, 115, 101, 114, 115, 47, 97, 110, 100, 105, 47, 112, 114, 111, ...], needToResolveAgainstDefaultDirectory=false, rootDirectory=UnixPath&lt;, fs=MacOSXFileSystem&lt;...&gt;, path=[47], stringValue=null, hash=0, offsets=null&gt;&gt;, path=[47, 104, 111, 109, 101], stringValue=null, hash=46613902, offsets=null&gt;

pathCollection[1].path expected: [47, 109, 110, 116]
pathCollection[1].path   actual: [47, 104, 111, 109, 101]

pathCollection[1].path[1] expected: 109
pathCollection[1].path[1]   actual: 104

pathCollection[1].path[2] expected: 110
pathCollection[1].path[2]   actual: 111

pathCollection[1].path[3] expected: 116
pathCollection[1].path[3]   actual: 109

pathCollection[1].path[4] expected: &quot;&quot;
pathCollection[1].path[4]   actual: 101

pathCollection[1].hash expected: 1508452
pathCollection[1].hash   actual: 46613902


	at junit.framework.Assert.fail(Assert.java:57)
	at org.unitils.reflectionassert.ReflectionAssert.assertReflectionEquals(ReflectionAssert.java:136)
	at org.unitils.reflectionassert.ReflectionAssert.assertReflectionEquals(ReflectionAssert.java:99)
	at com.tngtech.configbuilder.ConfigBuilderIntegrationTest.testWithImportedConfig(ConfigBuilderIntegrationTest.java:108)
	at sun.reflect.NativeMethodAccessorImpl.invoke0(Native Method)
	at sun.reflect.NativeMethodAccessorImpl.invoke(NativeMethodAccessorImpl.java:62)
	at sun.reflect.DelegatingMethodAccessorImpl.invoke(DelegatingMethodAccessorImpl.java:43)
	at java.lang.reflect.Method.invoke(Method.java:497)
	at org.junit.runners.model.FrameworkMethod$1.runReflectiveCall(FrameworkMethod.java:47)
	at org.junit.internal.runners.model.ReflectiveCallable.run(ReflectiveCallable.java:12)
	at org.junit.runners.model.FrameworkMethod.invokeExplosively(FrameworkMethod.java:44)
	at org.junit.internal.runners.statements.InvokeMethod.evaluate(InvokeMethod.java:17)
	at org.junit.internal.runners.statements.RunBefores.evaluate(RunBefores.java:26)
	at org.junit.internal.runners.statements.RunAfters.evaluate(RunAfters.java:27)
	at org.junit.runners.ParentRunner.runLeaf(ParentRunner.java:271)
	at org.junit.runners.BlockJUnit4ClassRunner.runChild(BlockJUnit4ClassRunner.java:70)
	at org.junit.runners.BlockJUnit4ClassRunner.runChild(BlockJUnit4ClassRunner.java:50)
	at org.junit.runners.ParentRunner$3.run(ParentRunner.java:238)
	at org.junit.runners.ParentRunner$1.schedule(ParentRunner.java:63)
	at org.junit.runners.ParentRunner.runChildren(ParentRunner.java:236)
	at org.junit.runners.ParentRunner.access$000(ParentRunner.java:53)
	at org.junit.runners.ParentRunner$2.evaluate(ParentRunner.java:229)
	at org.junit.runners.ParentRunner.run(ParentRunner.java:309)
	at org.junit.runners.Suite.runChild(Suite.java:127)
	at org.junit.runners.Suite.runChild(Suite.java:26)
	at org.junit.runners.ParentRunner$3.run(ParentRunner.java:238)
	at org.junit.runners.ParentRunner$1.schedule(ParentRunner.java:63)
	at org.junit.runners.ParentRunner.runChildren(ParentRunner.java:236)
	at org.junit.runners.ParentRunner.access$000(ParentRunner.java:53)
	at org.junit.runners.ParentRunner$2.evaluate(ParentRunner.java:229)
	at org.junit.runners.ParentRunner.run(ParentRunner.java:309)
	at org.apache.maven.surefire.junit4.JUnit4Provider.execute(JUnit4Provider.java:252)
	at org.apache.maven.surefire.junit4.JUnit4Provider.executeTestSet(JUnit4Provider.java:141)
	at org.apache.maven.surefire.junit4.JUnit4Provider.invoke(JUnit4Provider.java:112)
	at sun.reflect.NativeMethodAccessorImpl.invoke0(Native Method)
	at sun.reflect.NativeMethodAccessorImpl.invoke(NativeMethodAccessorImpl.java:62)
	at sun.reflect.DelegatingMethodAccessorImpl.invoke(DelegatingMethodAccessorImpl.java:43)
	at java.lang.reflect.Method.invoke(Method.java:497)
	at org.apache.maven.surefire.util.ReflectionUtils.invokeMethodWithArray(ReflectionUtils.java:189)
	at org.apache.maven.surefire.booter.ProviderFactory$ProviderProxy.invoke(ProviderFactory.java:165)
	at org.apache.maven.surefire.booter.ProviderFactory.invokeProvider(ProviderFactory.java:85)
	at org.apache.maven.surefire.booter.ForkedBooter.runSuitesInProcess(ForkedBooter.java:115)
	at org.apache.maven.surefire.booter.ForkedBooter.main(ForkedBooter.java:75)
</failure>
    <system-out>com.tngtech.propertyloader.impl.PropertyFileReader - file demoapp-configuration.test.testproperties found for reading near class com.tngtech.propertyloader.PropertyLoader with encoding ISO-8859-1
com.tngtech.propertyloader.impl.PropertyFileReader - file toBeIncluded.testproperties found for reading near class com.tngtech.propertyloader.PropertyLoader with encoding ISO-8859-1
com.tngtech.configbuilder.util.CommandLineHelper - getting command line options from fields and parsing command line arguments
com.tngtech.configbuilder.util.FieldSetter - no value found for field shouldBeZero of primitive type int: field will be initialized to default
</system-out>
  </testcase>
  <testcase classname="com.tngtech.configbuilder.ConfigBuilderIntegrationTest" name="testConfigBuilderWithConstructorArgument[0]" time="0.015"/>
  <testcase classname="com.tngtech.configbuilder.ConfigBuilderIntegrationTest" name="testConfigBuilderWithParameters[0]" time="0.125"/>
</testsuite>